[0.129s] DEBUG:colcon:Command line arguments: ['/usr/bin/colcon', 'build', '--symlink-install']
[0.130s] DEBUG:colcon:Parsed command line arguments: Namespace(log_base=None, log_level=None, verb_name='build', build_base='build', install_base='install', merge_install=False, symlink_install=True, test_result_base=None, continue_on_error=False, executor='parallel', parallel_workers=4, event_handlers=None, ignore_user_meta=False, metas=['./colcon.meta'], base_paths=['.'], packages_ignore=None, packages_ignore_regex=None, paths=None, packages_up_to=None, packages_up_to_regex=None, packages_above=None, packages_above_and_dependencies=None, packages_above_depth=None, packages_select_by_dep=None, packages_skip_by_dep=None, packages_skip_up_to=None, packages_select_build_failed=False, packages_skip_build_finished=False, packages_select_test_failures=False, packages_skip_test_passed=False, packages_select=None, packages_skip=None, packages_select_regex=None, packages_skip_regex=None, packages_start=None, packages_end=None, allow_overriding=[], cmake_args=None, cmake_target=None, cmake_target_skip_unavailable=False, cmake_clean_cache=False, cmake_clean_first=False, cmake_force_configure=False, ament_cmake_args=None, catkin_cmake_args=None, catkin_skip_building_tests=False, verb_parser=<colcon_defaults.argument_parser.defaults.DefaultArgumentsDecorator object at 0x7f63be450f10>, verb_extension=<colcon_core.verb.build.BuildVerb object at 0x7f63be4509a0>, main=<bound method BuildVerb.main of <colcon_core.verb.build.BuildVerb object at 0x7f63be4509a0>>)
[0.153s] Level 1:colcon.colcon_core.package_discovery:discover_packages(colcon_meta) check parameters
[0.154s] Level 1:colcon.colcon_core.package_discovery:discover_packages(recursive) check parameters
[0.154s] Level 1:colcon.colcon_core.package_discovery:discover_packages(ignore) check parameters
[0.154s] Level 1:colcon.colcon_core.package_discovery:discover_packages(path) check parameters
[0.154s] Level 1:colcon.colcon_core.package_discovery:discover_packages(colcon_meta) discover
[0.154s] Level 1:colcon.colcon_core.package_discovery:discover_packages(recursive) discover
[0.154s] INFO:colcon.colcon_core.package_discovery:Crawling recursively for packages in '/home/eren/aros2duino_ws'
[0.155s] Level 1:colcon.colcon_core.package_identification:_identify(.) by extensions ['ignore', 'ignore_ament_install']
[0.155s] Level 1:colcon.colcon_core.package_identification:_identify(.) by extension 'ignore'
[0.155s] Level 1:colcon.colcon_core.package_identification:_identify(.) by extension 'ignore_ament_install'
[0.155s] Level 1:colcon.colcon_core.package_identification:_identify(.) by extensions ['colcon_pkg']
[0.155s] Level 1:colcon.colcon_core.package_identification:_identify(.) by extension 'colcon_pkg'
[0.155s] Level 1:colcon.colcon_core.package_identification:_identify(.) by extensions ['colcon_meta']
[0.155s] Level 1:colcon.colcon_core.package_identification:_identify(.) by extension 'colcon_meta'
[0.155s] Level 1:colcon.colcon_core.package_identification:_identify(.) by extensions ['ros']
[0.155s] Level 1:colcon.colcon_core.package_identification:_identify(.) by extension 'ros'
[0.164s] Level 1:colcon.colcon_core.package_identification:_identify(.) by extensions ['cmake', 'python']
[0.164s] Level 1:colcon.colcon_core.package_identification:_identify(.) by extension 'cmake'
[0.164s] Level 1:colcon.colcon_core.package_identification:_identify(.) by extension 'python'
[0.164s] Level 1:colcon.colcon_core.package_identification:_identify(.) by extensions ['python_setup_py']
[0.164s] Level 1:colcon.colcon_core.package_identification:_identify(.) by extension 'python_setup_py'
[0.165s] Level 1:colcon.colcon_core.package_identification:_identify(build) by extensions ['ignore', 'ignore_ament_install']
[0.165s] Level 1:colcon.colcon_core.package_identification:_identify(build) by extension 'ignore'
[0.165s] Level 1:colcon.colcon_core.package_identification:_identify(build) ignored
[0.165s] Level 1:colcon.colcon_core.package_identification:_identify(install) by extensions ['ignore', 'ignore_ament_install']
[0.166s] Level 1:colcon.colcon_core.package_identification:_identify(install) by extension 'ignore'
[0.166s] Level 1:colcon.colcon_core.package_identification:_identify(install) ignored
[0.166s] Level 1:colcon.colcon_core.package_identification:_identify(log) by extensions ['ignore', 'ignore_ament_install']
[0.166s] Level 1:colcon.colcon_core.package_identification:_identify(log) by extension 'ignore'
[0.166s] Level 1:colcon.colcon_core.package_identification:_identify(log) ignored
[0.166s] Level 1:colcon.colcon_core.package_identification:_identify(src) by extensions ['ignore', 'ignore_ament_install']
[0.166s] Level 1:colcon.colcon_core.package_identification:_identify(src) by extension 'ignore'
[0.166s] Level 1:colcon.colcon_core.package_identification:_identify(src) by extension 'ignore_ament_install'
[0.166s] Level 1:colcon.colcon_core.package_identification:_identify(src) by extensions ['colcon_pkg']
[0.166s] Level 1:colcon.colcon_core.package_identification:_identify(src) by extension 'colcon_pkg'
[0.166s] Level 1:colcon.colcon_core.package_identification:_identify(src) by extensions ['colcon_meta']
[0.166s] Level 1:colcon.colcon_core.package_identification:_identify(src) by extension 'colcon_meta'
[0.166s] Level 1:colcon.colcon_core.package_identification:_identify(src) by extensions ['ros']
[0.167s] Level 1:colcon.colcon_core.package_identification:_identify(src) by extension 'ros'
[0.167s] Level 1:colcon.colcon_core.package_identification:_identify(src) by extensions ['cmake', 'python']
[0.167s] Level 1:colcon.colcon_core.package_identification:_identify(src) by extension 'cmake'
[0.167s] Level 1:colcon.colcon_core.package_identification:_identify(src) by extension 'python'
[0.167s] Level 1:colcon.colcon_core.package_identification:_identify(src) by extensions ['python_setup_py']
[0.167s] Level 1:colcon.colcon_core.package_identification:_identify(src) by extension 'python_setup_py'
[0.167s] Level 1:colcon.colcon_core.package_identification:_identify(src/aros2duino) by extensions ['ignore', 'ignore_ament_install']
[0.167s] Level 1:colcon.colcon_core.package_identification:_identify(src/aros2duino) by extension 'ignore'
[0.167s] Level 1:colcon.colcon_core.package_identification:_identify(src/aros2duino) by extension 'ignore_ament_install'
[0.168s] Level 1:colcon.colcon_core.package_identification:_identify(src/aros2duino) by extensions ['colcon_pkg']
[0.168s] Level 1:colcon.colcon_core.package_identification:_identify(src/aros2duino) by extension 'colcon_pkg'
[0.168s] Level 1:colcon.colcon_core.package_identification:_identify(src/aros2duino) by extensions ['colcon_meta']
[0.168s] Level 1:colcon.colcon_core.package_identification:_identify(src/aros2duino) by extension 'colcon_meta'
[0.168s] Level 1:colcon.colcon_core.package_identification:_identify(src/aros2duino) by extensions ['ros']
[0.168s] Level 1:colcon.colcon_core.package_identification:_identify(src/aros2duino) by extension 'ros'
[0.170s] DEBUG:colcon.colcon_core.package_identification:Package 'src/aros2duino' with type 'ros.ament_python' and name 'aros2duino'
[0.170s] Level 1:colcon.colcon_core.package_discovery:discover_packages(recursive) using defaults
[0.170s] Level 1:colcon.colcon_core.package_discovery:discover_packages(ignore) discover
[0.171s] Level 1:colcon.colcon_core.package_discovery:discover_packages(ignore) using defaults
[0.171s] Level 1:colcon.colcon_core.package_discovery:discover_packages(path) discover
[0.171s] Level 1:colcon.colcon_core.package_discovery:discover_packages(path) using defaults
[0.191s] Level 1:colcon.colcon_core.package_discovery:discover_packages(prefix_path) check parameters
[0.191s] Level 1:colcon.colcon_core.package_discovery:discover_packages(prefix_path) discover
[0.193s] DEBUG:colcon.colcon_installed_package_information.package_discovery:Found 1 installed packages in /home/eren/aros2duino_ws/install
[0.195s] DEBUG:colcon.colcon_installed_package_information.package_discovery:Found 323 installed packages in /opt/ros/rolling
[0.196s] Level 1:colcon.colcon_core.package_discovery:discover_packages(prefix_path) using defaults
[0.241s] Level 5:colcon.colcon_core.verb:set package 'aros2duino' build argument 'cmake_args' from command line to 'None'
[0.242s] Level 5:colcon.colcon_core.verb:set package 'aros2duino' build argument 'cmake_target' from command line to 'None'
[0.242s] Level 5:colcon.colcon_core.verb:set package 'aros2duino' build argument 'cmake_target_skip_unavailable' from command line to 'False'
[0.242s] Level 5:colcon.colcon_core.verb:set package 'aros2duino' build argument 'cmake_clean_cache' from command line to 'False'
[0.242s] Level 5:colcon.colcon_core.verb:set package 'aros2duino' build argument 'cmake_clean_first' from command line to 'False'
[0.242s] Level 5:colcon.colcon_core.verb:set package 'aros2duino' build argument 'cmake_force_configure' from command line to 'False'
[0.243s] Level 5:colcon.colcon_core.verb:set package 'aros2duino' build argument 'ament_cmake_args' from command line to 'None'
[0.243s] Level 5:colcon.colcon_core.verb:set package 'aros2duino' build argument 'catkin_cmake_args' from command line to 'None'
[0.243s] Level 5:colcon.colcon_core.verb:set package 'aros2duino' build argument 'catkin_skip_building_tests' from command line to 'False'
[0.243s] DEBUG:colcon.colcon_core.verb:Building package 'aros2duino' with the following arguments: {'ament_cmake_args': None, 'build_base': '/home/eren/aros2duino_ws/build/aros2duino', 'catkin_cmake_args': None, 'catkin_skip_building_tests': False, 'cmake_args': None, 'cmake_clean_cache': False, 'cmake_clean_first': False, 'cmake_force_configure': False, 'cmake_target': None, 'cmake_target_skip_unavailable': False, 'install_base': '/home/eren/aros2duino_ws/install/aros2duino', 'merge_install': False, 'path': '/home/eren/aros2duino_ws/src/aros2duino', 'symlink_install': True, 'test_result_base': None}
[0.246s] INFO:colcon.colcon_core.executor:Executing jobs using 'parallel' executor
[0.249s] DEBUG:colcon.colcon_parallel_executor.executor.parallel:run_until_complete
[0.250s] INFO:colcon.colcon_ros.task.ament_python.build:Building ROS package in '/home/eren/aros2duino_ws/src/aros2duino' with build type 'ament_python'
[0.250s] Level 1:colcon.colcon_core.shell:create_environment_hook('aros2duino', 'ament_prefix_path')
[0.256s] INFO:colcon.colcon_core.plugin_system:Skipping extension 'colcon_core.shell.bat': Not used on non-Windows systems
[0.257s] INFO:colcon.colcon_core.shell:Creating environment hook '/home/eren/aros2duino_ws/install/aros2duino/share/aros2duino/hook/ament_prefix_path.ps1'
[0.258s] INFO:colcon.colcon_core.shell:Creating environment descriptor '/home/eren/aros2duino_ws/install/aros2duino/share/aros2duino/hook/ament_prefix_path.dsv'
[0.259s] INFO:colcon.colcon_core.shell:Creating environment hook '/home/eren/aros2duino_ws/install/aros2duino/share/aros2duino/hook/ament_prefix_path.sh'
[0.261s] INFO:colcon.colcon_core.shell:Skip shell extension 'powershell' for command environment: Not usable outside of PowerShell
[0.261s] DEBUG:colcon.colcon_core.shell:Skip shell extension 'dsv' for command environment
[0.497s] INFO:colcon.colcon_core.task.python.build:Building Python package in '/home/eren/aros2duino_ws/src/aros2duino'
[0.498s] INFO:colcon.colcon_core.shell:Skip shell extension 'powershell' for command environment: Not usable outside of PowerShell
[0.499s] DEBUG:colcon.colcon_core.shell:Skip shell extension 'dsv' for command environment
[0.829s] DEBUG:colcon.colcon_core.event_handler.log_command:Invoking command in '/home/eren/aros2duino_ws/build/aros2duino': PYTHONPATH=/home/eren/aros2duino_ws/build/aros2duino/prefix_override:/home/eren/aros2duino_ws/install/aros2duino/lib/python3.10/site-packages:${PYTHONPATH} /usr/bin/python3 setup.py develop --editable --build-directory /home/eren/aros2duino_ws/build/aros2duino/build --no-deps install_data
[1.319s] Level 1:colcon.colcon_core.shell:create_environment_hook('aros2duino', 'pythonpath_develop')
[1.320s] DEBUG:colcon.colcon_core.event_handler.log_command:Invoked command in '/home/eren/aros2duino_ws/build/aros2duino' returned '0': PYTHONPATH=/home/eren/aros2duino_ws/build/aros2duino/prefix_override:/home/eren/aros2duino_ws/install/aros2duino/lib/python3.10/site-packages:${PYTHONPATH} /usr/bin/python3 setup.py develop --editable --build-directory /home/eren/aros2duino_ws/build/aros2duino/build --no-deps install_data
[1.322s] INFO:colcon.colcon_core.shell:Creating environment hook '/home/eren/aros2duino_ws/build/aros2duino/share/aros2duino/hook/pythonpath_develop.ps1'
[1.323s] INFO:colcon.colcon_core.shell:Creating environment descriptor '/home/eren/aros2duino_ws/build/aros2duino/share/aros2duino/hook/pythonpath_develop.dsv'
[1.324s] INFO:colcon.colcon_core.shell:Creating environment hook '/home/eren/aros2duino_ws/build/aros2duino/share/aros2duino/hook/pythonpath_develop.sh'
[1.329s] Level 1:colcon.colcon_core.environment:checking '/home/eren/aros2duino_ws/install/aros2duino' for CMake module files
[1.329s] Level 1:colcon.colcon_core.environment:checking '/home/eren/aros2duino_ws/install/aros2duino' for CMake config files
[1.330s] Level 1:colcon.colcon_core.environment:checking '/home/eren/aros2duino_ws/install/aros2duino/lib'
[1.330s] Level 1:colcon.colcon_core.environment:checking '/home/eren/aros2duino_ws/install/aros2duino/bin'
[1.331s] Level 1:colcon.colcon_core.environment:checking '/home/eren/aros2duino_ws/install/aros2duino/lib/pkgconfig/aros2duino.pc'
[1.331s] Level 1:colcon.colcon_core.environment:checking '/home/eren/aros2duino_ws/install/aros2duino/lib/python3.10/site-packages'
[1.331s] Level 1:colcon.colcon_core.shell:create_environment_hook('aros2duino', 'pythonpath')
[1.332s] INFO:colcon.colcon_core.shell:Creating environment hook '/home/eren/aros2duino_ws/install/aros2duino/share/aros2duino/hook/pythonpath.ps1'
[1.332s] INFO:colcon.colcon_core.shell:Creating environment descriptor '/home/eren/aros2duino_ws/install/aros2duino/share/aros2duino/hook/pythonpath.dsv'
[1.333s] INFO:colcon.colcon_core.shell:Creating environment hook '/home/eren/aros2duino_ws/install/aros2duino/share/aros2duino/hook/pythonpath.sh'
[1.334s] Level 1:colcon.colcon_core.environment:checking '/home/eren/aros2duino_ws/install/aros2duino/bin'
[1.334s] Level 1:colcon.colcon_core.environment:create_environment_scripts_only(aros2duino)
[1.335s] INFO:colcon.colcon_core.shell:Creating package script '/home/eren/aros2duino_ws/install/aros2duino/share/aros2duino/package.ps1'
[1.336s] INFO:colcon.colcon_core.shell:Creating package descriptor '/home/eren/aros2duino_ws/install/aros2duino/share/aros2duino/package.dsv'
[1.337s] INFO:colcon.colcon_core.shell:Creating package script '/home/eren/aros2duino_ws/install/aros2duino/share/aros2duino/package.sh'
[1.338s] INFO:colcon.colcon_core.shell:Creating package script '/home/eren/aros2duino_ws/install/aros2duino/share/aros2duino/package.bash'
[1.339s] INFO:colcon.colcon_core.shell:Creating package script '/home/eren/aros2duino_ws/install/aros2duino/share/aros2duino/package.zsh'
[1.340s] Level 1:colcon.colcon_core.environment:create_file_with_runtime_dependencies(/home/eren/aros2duino_ws/install/aros2duino/share/colcon-core/packages/aros2duino)
[1.341s] DEBUG:colcon.colcon_parallel_executor.executor.parallel:closing loop
[1.343s] DEBUG:colcon.colcon_parallel_executor.executor.parallel:loop closed
[1.344s] DEBUG:colcon.colcon_parallel_executor.executor.parallel:run_until_complete finished with '0'
[1.344s] DEBUG:colcon.colcon_core.event_reactor:joining thread
[1.350s] INFO:colcon.colcon_core.plugin_system:Skipping extension 'colcon_notification.desktop_notification.terminal_notifier': Not used on non-Darwin systems
[1.350s] INFO:colcon.colcon_core.plugin_system:Skipping extension 'colcon_notification.desktop_notification.win32': Not used on non-Windows systems
[1.350s] INFO:colcon.colcon_notification.desktop_notification:Sending desktop notification using 'notify2'
[1.366s] DEBUG:colcon.colcon_core.event_reactor:joined thread
[1.368s] INFO:colcon.colcon_core.shell:Creating prefix script '/home/eren/aros2duino_ws/install/local_setup.ps1'
[1.370s] INFO:colcon.colcon_core.shell:Creating prefix util module '/home/eren/aros2duino_ws/install/_local_setup_util_ps1.py'
[1.371s] INFO:colcon.colcon_core.shell:Creating prefix chain script '/home/eren/aros2duino_ws/install/setup.ps1'
[1.373s] INFO:colcon.colcon_core.shell:Creating prefix script '/home/eren/aros2duino_ws/install/local_setup.sh'
[1.375s] INFO:colcon.colcon_core.shell:Creating prefix util module '/home/eren/aros2duino_ws/install/_local_setup_util_sh.py'
[1.375s] INFO:colcon.colcon_core.shell:Creating prefix chain script '/home/eren/aros2duino_ws/install/setup.sh'
[1.377s] INFO:colcon.colcon_core.shell:Creating prefix script '/home/eren/aros2duino_ws/install/local_setup.bash'
[1.378s] INFO:colcon.colcon_core.shell:Creating prefix chain script '/home/eren/aros2duino_ws/install/setup.bash'
[1.380s] INFO:colcon.colcon_core.shell:Creating prefix script '/home/eren/aros2duino_ws/install/local_setup.zsh'
[1.381s] INFO:colcon.colcon_core.shell:Creating prefix chain script '/home/eren/aros2duino_ws/install/setup.zsh'
