running develop
running egg_info
creating aros2duino.egg-info
writing aros2duino.egg-info/PKG-INFO
writing dependency_links to aros2duino.egg-info/dependency_links.txt
writing entry points to aros2duino.egg-info/entry_points.txt
writing requirements to aros2duino.egg-info/requires.txt
writing top-level names to aros2duino.egg-info/top_level.txt
writing manifest file 'aros2duino.egg-info/SOURCES.txt'
reading manifest file 'aros2duino.egg-info/SOURCES.txt'
writing manifest file 'aros2duino.egg-info/SOURCES.txt'
running build_ext
Creating /home/eren/aros2duino_ws/install/aros2duino/lib/python3.10/site-packages/aros2duino.egg-link (link to .)
Installing arduino_comm script to /home/eren/aros2duino_ws/install/aros2duino/lib/aros2duino

Installed /home/eren/aros2duino_ws/build/aros2duino
running install_data
creating /home/eren/aros2duino_ws/install/aros2duino/share/ament_index
creating /home/eren/aros2duino_ws/install/aros2duino/share/ament_index/resource_index
creating /home/eren/aros2duino_ws/install/aros2duino/share/ament_index/resource_index/packages
copying resource/aros2duino -> /home/eren/aros2duino_ws/install/aros2duino/share/ament_index/resource_index/packages
copying package.xml -> /home/eren/aros2duino_ws/install/aros2duino/share/aros2duino
