[0.719s] Invoking command in '/home/eren/aros2duino_ws/build/aros2duino': PYTHONPATH=/home/eren/aros2duino_ws/build/aros2duino/prefix_override:/home/eren/aros2duino_ws/install/aros2duino/lib/python3.10/site-packages:${PYTHONPATH} /usr/bin/python3 setup.py develop --editable --build-directory /home/eren/aros2duino_ws/build/aros2duino/build --no-deps install_data
[0.943s] running develop
[1.088s] running egg_info
[1.088s] creating aros2duino.egg-info
[1.088s] writing aros2duino.egg-info/PKG-INFO
[1.088s] writing dependency_links to aros2duino.egg-info/dependency_links.txt
[1.089s] writing entry points to aros2duino.egg-info/entry_points.txt
[1.089s] writing requirements to aros2duino.egg-info/requires.txt
[1.089s] writing top-level names to aros2duino.egg-info/top_level.txt
[1.090s] writing manifest file 'aros2duino.egg-info/SOURCES.txt'
[1.092s] reading manifest file 'aros2duino.egg-info/SOURCES.txt'
[1.093s] writing manifest file 'aros2duino.egg-info/SOURCES.txt'
[1.095s] running build_ext
[1.095s] Creating /home/eren/aros2duino_ws/install/aros2duino/lib/python3.10/site-packages/aros2duino.egg-link (link to .)
[1.097s] Installing arduino_comm script to /home/eren/aros2duino_ws/install/aros2duino/lib/aros2duino
[1.097s] 
[1.097s] Installed /home/eren/aros2duino_ws/build/aros2duino
[1.097s] running install_data
[1.097s] creating /home/eren/aros2duino_ws/install/aros2duino/share/ament_index
[1.098s] creating /home/eren/aros2duino_ws/install/aros2duino/share/ament_index/resource_index
[1.098s] creating /home/eren/aros2duino_ws/install/aros2duino/share/ament_index/resource_index/packages
[1.098s] copying resource/aros2duino -> /home/eren/aros2duino_ws/install/aros2duino/share/ament_index/resource_index/packages
[1.098s] copying package.xml -> /home/eren/aros2duino_ws/install/aros2duino/share/aros2duino
[1.125s] Invoked command in '/home/eren/aros2duino_ws/build/aros2duino' returned '0': PYTHONPATH=/home/eren/aros2duino_ws/build/aros2duino/prefix_override:/home/eren/aros2duino_ws/install/aros2duino/lib/python3.10/site-packages:${PYTHONPATH} /usr/bin/python3 setup.py develop --editable --build-directory /home/eren/aros2duino_ws/build/aros2duino/build --no-deps install_data
